[Sun Nov 18 16:13:09.443 2018] 0.000 sec 0.000 sec [scan/0/ext 5 (0,20)] [butchiso]
[Sun Nov 18 16:13:09.444 2018] 0.000 sec 0.000 sec [scan/0/ext 5 (0,20)] [butchiso]
[Sun Nov 18 16:15:36.353 2018] 0.000 sec 0.000 sec [scan/0/ext 5 (0,20)] [butchiso]
[Sun Nov 18 16:15:36.354 2018] 0.000 sec 0.000 sec [scan/0/ext 5 (0,20)] [butchiso]
[Sun Nov 18 16:15:40.595 2018] 0.000 sec 0.000 sec [scan/0/ext 5 (0,20)] [butchiso]
[Sun Nov 18 16:15:40.596 2018] 0.000 sec 0.000 sec [scan/0/ext 5 (0,20)] [butchiso]
[Sun Nov 18 16:15:44.290 2018] 0.000 sec 0.000 sec [scan/0/ext 5 (0,20)] [butchiso]
[Sun Nov 18 16:15:44.291 2018] 0.000 sec 0.000 sec [scan/0/ext 5 (0,20)] [butchiso]
[Sun Nov 18 16:17:56.328 2018] 0.000 sec 0.000 sec [scan/0/ext 5 (0,20)] [butchiso]
[Sun Nov 18 16:17:56.330 2018] 0.000 sec 0.000 sec [scan/0/ext 5 (0,20)] [butchiso]
[Sun Nov 18 16:17:58.795 2018] 0.000 sec 0.000 sec [scan/0/ext 5 (0,20)] [butchiso]
[Sun Nov 18 16:17:58.795 2018] 0.000 sec 0.000 sec [scan/0/ext 5 (0,20)] [butchiso]
[Sun Nov 18 16:17:59.780 2018] 0.000 sec 0.000 sec [scan/0/ext 5 (0,20)] [butchiso]
[Sun Nov 18 16:17:59.780 2018] 0.000 sec 0.000 sec [scan/0/ext 5 (0,20)] [butchiso]
[Sun Nov 18 16:18:07.632 2018] 0.000 sec 0.000 sec [scan/0/ext 5 (0,20)] [butchiso]
[Sun Nov 18 16:18:07.632 2018] 0.000 sec 0.000 sec [scan/0/ext 5 (0,20)] [butchiso]
[Sun Nov 18 16:18:08.597 2018] 0.000 sec 0.000 sec [scan/0/ext 5 (0,20)] [butchiso]
[Sun Nov 18 16:18:08.598 2018] 0.000 sec 0.000 sec [scan/0/ext 5 (0,20)] [butchiso]
[Sun Nov 18 16:21:23.783 2018] 0.000 sec 0.000 sec [scan/0/ext 102 (0,20)] [butchiso]
[Sun Nov 18 16:21:23.784 2018] 0.000 sec 0.000 sec [scan/0/ext 102 (0,20)] [butchiso]
[Sun Nov 18 16:21:32.021 2018] 0.000 sec 0.000 sec [scan/0/ext 102 (0,20)] [butchiso]
[Sun Nov 18 16:21:32.022 2018] 0.000 sec 0.000 sec [scan/0/ext 102 (0,20)] [butchiso]
[Sun Nov 18 16:24:07.156 2018] 0.000 sec 0.000 sec [scan/0/ext 1 (0,20)] [butchiso]
[Sun Nov 18 16:24:07.157 2018] 0.000 sec 0.000 sec [scan/0/ext 1 (0,20)] [butchiso]
[Sun Nov 18 16:24:12.975 2018] 0.000 sec 0.000 sec [scan/0/ext 1 (0,20)] [butchiso]
[Sun Nov 18 16:24:12.975 2018] 0.000 sec 0.000 sec [scan/0/ext 1 (0,20)] [butchiso]
